<?xml version="1.0" encoding="UTF-8"?>
<testsuite xmlns:xsi="http://www.w3.org/2001/XMLSchema-instance" xsi:noNamespaceSchemaLocation="https://maven.apache.org/surefire/maven-surefire-plugin/xsd/surefire-test-report-3.0.xsd" version="3.0" name="sit707_week6.WeatherAndMathUtilsTest" time="0.189" tests="27" errors="0" skipped="0" failures="0">
  <properties>
[...]
</properties>
  <testcase name="testTrueNumberIsEven" classname="sit707_week6.WeatherAndMathUtilsTest" time="0.012"/>
  <testcase name="testBoundaryWind70" classname="sit707_week6.WeatherAndMathUtilsTest" time="0.0"/>
  <testcase name="testStudentIdentity" classname="sit707_week6.WeatherAndMathUtilsTest" time="0.0"/>
  <testcase name="testAllClear" classname="sit707_week6.WeatherAndMathUtilsTest" time="0.0"/>
  <testcase name="testNegativeWindAndRainThrowsException" classname="sit707_week6.WeatherAndMathUtilsTest" time="0.003"/>
  <testcase name="testLoopNotExecuted_n1" classname="sit707_week6.WeatherAndMathUtilsTest" time="0.0"/>
  <testcase name="testLoopNotExecuted_n2" classname="sit707_week6.WeatherAndMathUtilsTest" time="0.002"/>
  <testcase name="testCancelWeatherAdvice" classname="sit707_week6.WeatherAndMathUtilsTest" time="0.001"/>
  <testcase name="testIsPrime_one" classname="sit707_week6.WeatherAndMathUtilsTest" time="0.001"/>
  <testcase name="testWarnRainOnly" classname="sit707_week6.WeatherAndMathUtilsTest" time="0.001"/>
  <testcase name="testFalseNumberIsEven" classname="sit707_week6.WeatherAndMathUtilsTest" time="0.001"/>
  <testcase name="testCancelWindDanger" classname="sit707_week6.WeatherAndMathUtilsTest" time="0.001"/>
  <testcase name="testLoopExecuted_evenNumber" classname="sit707_week6.WeatherAndMathUtilsTest" time="0.001"/>
  <testcase name="testDangerousWindBoundary" classname="sit707_week6.WeatherAndMathUtilsTest" time="0.001"/>
  <testcase name="testCancelCombinedCondition" classname="sit707_week6.WeatherAndMathUtilsTest" time="0.001"/>
  <testcase name="testNegativePrecipitationThrowsException" classname="sit707_week6.WeatherAndMathUtilsTest" time="0.001"/>
  <testcase name="testAllClearr" classname="sit707_week6.WeatherAndMathUtilsTest" time="0.001"/>
  <testcase name="testNegativeWindSpeedThrowsException" classname="sit707_week6.WeatherAndMathUtilsTest" time="0.001"/>
  <testcase name="testIsPrime_evenLarge" classname="sit707_week6.WeatherAndMathUtilsTest" time="0.0"/>
  <testcase name="testIsPrime_evenSmall" classname="sit707_week6.WeatherAndMathUtilsTest" time="0.0"/>
  <testcase name="testBoundaryWind45Rain4" classname="sit707_week6.WeatherAndMathUtilsTest" time="0.003"/>
  <testcase name="testLoopExecuted_nonPrimeOdd" classname="sit707_week6.WeatherAndMathUtilsTest" time="0.0"/>
  <testcase name="testLoopExecuted_oddNumber" classname="sit707_week6.WeatherAndMathUtilsTest" time="0.001"/>
  <testcase name="testStudentName" classname="sit707_week6.WeatherAndMathUtilsTest" time="0.001"/>
  <testcase name="testCancelRainDanger" classname="sit707_week6.WeatherAndMathUtilsTest" time="0.001"/>
  <testcase name="testWarnWindOnly" classname="sit707_week6.WeatherAndMathUtilsTest" time="0.002"/>
  <testcase name="testLoopExecuted_largeEven" classname="sit707_week6.WeatherAndMathUtilsTest" time="0.001"/>
</testsuite>