<?xml version="1.0" encoding="UTF-8"?>
<testsuite xmlns:xsi="http://www.w3.org/2001/XMLSchema-instance" xsi:noNamespaceSchemaLocation="https://maven.apache.org/surefire/maven-surefire-plugin/xsd/surefire-test-report-3.0.xsd" version="3.0" name="sit707_week4.LoginFormTest" time="0.285" tests="14" errors="0" skipped="0" failures="0">
  <properties>
[...]
</properties>
  <testcase name="testStudentIdentity" classname="sit707_week4.LoginFormTest" time="0.02">
    <system-out><![CDATA[=================================
Test ID   : ST01
Operation : Validate Student ID
Input     : studentId=s225504843
Expected  : Student ID should not be null
Actual    : s225504843
=================================
]]></system-out>
  </testcase>
  <testcase name="testR2_EmptyUsernameWrongPassword" classname="sit707_week4.LoginFormTest" time="0.021">
    <system-out><![CDATA[=================================
Test ID   : R2
Operation : Login
Input     : username=null, password=xyz
Expected  : loginSuccess=false, errorMsg=Empty Username
Actual    : LoginStatus [loginSuccess=false, errorMsg=Empty Username]
=================================
]]></system-out>
  </testcase>
  <testcase name="testR6_WrongUsernameCorrectPassword" classname="sit707_week4.LoginFormTest" time="0.043">
    <system-out><![CDATA[=================================
Test ID   : R6
Operation : Login
Input     : username=abc, password=ahsan_pass
Expected  : loginSuccess=false, errorMsg=Credential mismatch
Actual    : LoginStatus [loginSuccess=false, errorMsg=Credential mismatch]
=================================
]]></system-out>
  </testcase>
  <testcase name="testR4_WrongUsernameEmptyPassword" classname="sit707_week4.LoginFormTest" time="0.002">
    <system-out><![CDATA[=================================
Test ID   : R4
Operation : Login
Input     : username=abc, password=null
Expected  : loginSuccess=false, errorMsg=Empty Password
Actual    : LoginStatus [loginSuccess=false, errorMsg=Empty Password]
=================================
]]></system-out>
  </testcase>
  <testcase name="testR5_WrongUsernameWrongPassword" classname="sit707_week4.LoginFormTest" time="0.003">
    <system-out><![CDATA[=================================
Test ID   : R5
Operation : Login
Input     : username=abc, password=xyz
Expected  : loginSuccess=false, errorMsg=Credential mismatch
Actual    : LoginStatus [loginSuccess=false, errorMsg=Credential mismatch]
=================================
]]></system-out>
  </testcase>
  <testcase name="testR7_CorrectUsernameEmptyPassword" classname="sit707_week4.LoginFormTest" time="0.003">
    <system-out><![CDATA[=================================
Test ID   : R7
Operation : Login
Input     : username=ahsan, password=null
Expected  : loginSuccess=false, errorMsg=Empty Password
Actual    : LoginStatus [loginSuccess=false, errorMsg=Empty Password]
=================================
]]></system-out>
  </testcase>
  <testcase name="testR8_CorrectUsernameWrongPassword" classname="sit707_week4.LoginFormTest" time="0.002">
    <system-out><![CDATA[=================================
Test ID   : R8
Operation : Login
Input     : username=ahsan, password=xyz
Expected  : loginSuccess=false, errorMsg=Credential mismatch
Actual    : LoginStatus [loginSuccess=false, errorMsg=Credential mismatch]
=================================
]]></system-out>
  </testcase>
  <testcase name="testR10_WrongValidationCode" classname="sit707_week4.LoginFormTest" time="0.003">
    <system-out><![CDATA[=================================
Test ID   : R10
Operation : Validate Code
Input     : validationCode=abcd
Expected  : false
Actual    : false
=================================
]]></system-out>
  </testcase>
  <testcase name="testR11_CorrectValidationCode" classname="sit707_week4.LoginFormTest" time="0.002">
    <system-out><![CDATA[=================================
Test ID   : R11
Operation : Validate Code
Input     : validationCode=123456
Expected  : true
Actual    : true
=================================
]]></system-out>
  </testcase>
  <testcase name="testStudentName" classname="sit707_week4.LoginFormTest" time="0.003">
    <system-out><![CDATA[=================================
Test ID   : ST02
Operation : Validate Student Name
Input     : studentName=Nephat Komu Muriithi
Expected  : Student name should not be null
Actual    : Nephat Komu Muriithi
=================================
]]></system-out>
  </testcase>
  <testcase name="testFailEmptyUsernameAndEmptyPasswordAndDontCareValCode" classname="sit707_week4.LoginFormTest" time="0.002">
    <system-out><![CDATA[=================================
Test ID   : R1
Operation : Login
Input     : username=null, password=null
Expected  : loginSuccess=false, errorMsg=Empty Username
Actual    : LoginStatus [loginSuccess=false, errorMsg=Empty Username]
=================================
]]></system-out>
  </testcase>
  <testcase name="testR3_EmptyUsernameCorrectPassword" classname="sit707_week4.LoginFormTest" time="0.002">
    <system-out><![CDATA[=================================
Test ID   : R3
Operation : Login
Input     : username=null, password=ahsan_pass
Expected  : loginSuccess=false, errorMsg=Empty Username
Actual    : LoginStatus [loginSuccess=false, errorMsg=Empty Username]
=================================
]]></system-out>
  </testcase>
  <testcase name="testR9_EmptyValidationCode" classname="sit707_week4.LoginFormTest" time="0.002">
    <system-out><![CDATA[=================================
Test ID   : R9
Operation : Validate Code
Input     : validationCode=null
Expected  : false
Actual    : false
=================================
]]></system-out>
  </testcase>
  <testcase name="testR1_EmptyUsernameEmptyPassword" classname="sit707_week4.LoginFormTest" time="0.002">
    <system-out><![CDATA[=================================
Test ID   : R1
Operation : Login
Input     : username=null, password=null
Expected  : loginSuccess=false, errorMsg=Empty Username
Actual    : LoginStatus [loginSuccess=false, errorMsg=Empty Username]
=================================
]]></system-out>
  </testcase>
</testsuite>