<?xml version="1.0" encoding="UTF-8"?>
<testsuite xmlns:xsi="http://www.w3.org/2001/XMLSchema-instance" xsi:noNamespaceSchemaLocation="https://maven.apache.org/surefire/maven-surefire-plugin/xsd/surefire-test-report-3.0.xsd" version="3.0" name="sit707_tasks.DateUtilTest" time="0.465" tests="22" errors="0" skipped="0" failures="0">
  <properties>
[...]
</properties>
  <testcase name="test10B_15June1700" classname="sit707_tasks.DateUtilTest" time="0.11">
    <system-out><![CDATA[=================================
Test ID   : 10B
Operation : increment()
Input     : 15-6-1700
Expected  : 16-6-1700
Actual    : 16-6-1700
=================================
]]></system-out>
  </testcase>
  <testcase name="testMinJanuary1ShouldDecrementToDecember31" classname="sit707_tasks.DateUtilTest" time="0.003">
    <system-out><![CDATA[=================================
Test ID   : 4B
Operation : decrement()
Input     : 1-1-2024
Expected  : 31-12-2023
Actual    : 31-12-2023
=================================
]]></system-out>
  </testcase>
  <testcase name="testStudentIdentity" classname="sit707_tasks.DateUtilTest" time="0.004">
    <system-out><![CDATA[=================================
Test ID   : Name
Operation : student id
Input     : s225504843
Expected  : Not null
Actual    : s225504843
=================================
]]></system-out>
  </testcase>
  <testcase name="test9B_15Dec1994" classname="sit707_tasks.DateUtilTest" time="0.003">
    <system-out><![CDATA[=================================
Test ID   : 9B
Operation : increment()
Input     : 15-12-1994
Expected  : 16-12-1994
Actual    : 16-12-1994
=================================
]]></system-out>
  </testcase>
  <testcase name="testMinJanuary1ShouldIncrementToJanuary2" classname="sit707_tasks.DateUtilTest" time="0.008">
    <system-out><![CDATA[=================================
Test ID   : 3B
Operation : increment()
Input     : 1-1-2024
Expected  : 2-1-2024
Actual    : 2-1-2024
=================================
]]></system-out>
  </testcase>
  <testcase name="test2B_2June1994" classname="sit707_tasks.DateUtilTest" time="0.007">
    <system-out><![CDATA[=================================
Test ID   : 2B
Operation : increment()
Input     : 2-6-1994
Expected  : 3-6-1994
Actual    : 3-6-1994
=================================
]]></system-out>
  </testcase>
  <testcase name="test8B_15Nov1994" classname="sit707_tasks.DateUtilTest" time="0.008">
    <system-out><![CDATA[=================================
Test ID   : 8B
Operation : increment()
Input     : 15-11-1994
Expected  : 16-11-1994
Actual    : 16-11-1994
=================================
]]></system-out>
  </testcase>
  <testcase name="test6B_15Jan1994" classname="sit707_tasks.DateUtilTest" time="0.003">
    <system-out><![CDATA[=================================
Test ID   : 6B
Operation : increment()
Input     : 15-1-1994
Expected  : 16-1-1994
Actual    : 16-1-1994
=================================
]]></system-out>
  </testcase>
  <testcase name="testMaxJanuary31ShouldDecrementToJanuary30" classname="sit707_tasks.DateUtilTest" time="0.004">
    <system-out><![CDATA[=================================
Test ID   : 2B
Operation : decrement()
Input     : 31-1-2024
Expected  : 30-1-2024
Actual    : 30-1-2024
=================================
]]></system-out>
  </testcase>
  <testcase name="test3B_14June1994" classname="sit707_tasks.DateUtilTest" time="0.005">
    <system-out><![CDATA[=================================
Test ID   : 3B
Operation : increment()
Input     : 14-6-1994
Expected  : 15-6-1994
Actual    : 15-6-1994
=================================
]]></system-out>
  </testcase>
  <testcase name="test7B_15Feb1994" classname="sit707_tasks.DateUtilTest" time="0.009">
    <system-out><![CDATA[=================================
Test ID   : 7B
Operation : increment()
Input     : 15-2-1994
Expected  : 16-2-1994
Actual    : 16-2-1994
=================================
]]></system-out>
  </testcase>
  <testcase name="test1B_1June1994" classname="sit707_tasks.DateUtilTest" time="0.006">
    <system-out><![CDATA[=================================
Test ID   : 1B
Operation : increment()
Input     : 1-6-1994
Expected  : 2-6-1994
Actual    : 2-6-1994
=================================
]]></system-out>
  </testcase>
  <testcase name="testLeapYear_Feb28ToFeb29_2024" classname="sit707_tasks.DateUtilTest" time="0.004">
    <system-out><![CDATA[=================================
Test ID   : LeapYear1
Operation : increment()
Input     : 28-2-2024
Expected  : 29-2-2024
Actual    : 29-2-2024
=================================
]]></system-out>
  </testcase>
  <testcase name="test5B_31June1994_invalidDate" classname="sit707_tasks.DateUtilTest" time="0.011">
    <system-out><![CDATA[=================================
Test ID   : 5B
Operation : constructor
Input     : 31-6-1994
Expected  : RuntimeException
Actual    : RuntimeException
=================================
]]></system-out>
  </testcase>
  <testcase name="test13B_15June2024" classname="sit707_tasks.DateUtilTest" time="0.004">
    <system-out><![CDATA[=================================
Test ID   : 13B
Operation : increment()
Input     : 15-6-2024
Expected  : 16-6-2024
Actual    : 16-6-2024
=================================
]]></system-out>
  </testcase>
  <testcase name="testMaxJanuary31ShouldIncrementToFebruary1" classname="sit707_tasks.DateUtilTest" time="0.059">
    <system-out><![CDATA[Before increment: 31 January 2024
=================================
Test ID   : 1B
Operation : increment()
Input     : 31-1-2024
Expected  : 1-2-2024
Actual    : 1-2-2024
=================================
]]></system-out>
  </testcase>
  <testcase name="testLeapYear_Feb29ToMarch1_2024" classname="sit707_tasks.DateUtilTest" time="0.005">
    <system-out><![CDATA[=================================
Test ID   : LeapYear2
Operation : increment()
Input     : 29-2-2024
Expected  : 1-3-2024
Actual    : 1-3-2024
=================================
]]></system-out>
  </testcase>
  <testcase name="testStudentName" classname="sit707_tasks.DateUtilTest" time="0.003">
    <system-out><![CDATA[=================================
Test ID   : Name
Operation : student id
Input     : Nephat Komu Muriithi
Expected  : Not null
Actual    : Nephat Komu Muriithi
=================================
]]></system-out>
  </testcase>
  <testcase name="test12B_15June2023" classname="sit707_tasks.DateUtilTest" time="0.003">
    <system-out><![CDATA[=================================
Test ID   : 12B
Operation : increment()
Input     : 15-6-2023
Expected  : 16-6-2023
Actual    : 16-6-2023
=================================
]]></system-out>
  </testcase>
  <testcase name="test4B_30June1994_shouldGoToJuly1" classname="sit707_tasks.DateUtilTest" time="0.004">
    <system-out><![CDATA[=================================
Test ID   : 4B
Operation : increment()
Input     : 30-6-1994
Expected  : 1-7-1994
Actual    : 1-7-1994
=================================
]]></system-out>
  </testcase>
  <testcase name="testNominalJanuary" classname="sit707_tasks.DateUtilTest" time="0.003">
    <system-out><![CDATA[=================================
Test ID   : NominalJan
Operation : increment()
Input     : 25-1-2024
Expected  : 26-1-2024
Actual    : 26-1-2024
=================================
]]></system-out>
  </testcase>
  <testcase name="test11B_15June1701" classname="sit707_tasks.DateUtilTest" time="0.003">
    <system-out><![CDATA[=================================
Test ID   : 11B
Operation : increment()
Input     : 15-6-1701
Expected  : 16-6-1701
Actual    : 16-6-1701
=================================
]]></system-out>
  </testcase>
</testsuite>