<?xml version="1.0" encoding="UTF-8"?>
<testsuite xmlns:xsi="http://www.w3.org/2001/XMLSchema-instance" xsi:noNamespaceSchemaLocation="https://maven.apache.org/surefire/maven-surefire-plugin/xsd/surefire-test-report-3.0.xsd" version="3.0" name="sit707_week5.WeatherControllerTest" time="8.162" tests="3" errors="0" skipped="0" failures="0">
  <properties>
[...]
</properties>
  <testcase name="testStudentIdentity" classname="sit707_week5.WeatherControllerTest" time="0.011"/>
  <testcase name="testStudentName" classname="sit707_week5.WeatherControllerTest" time="0"/>
  <testcase name="testTemperaturePersist" classname="sit707_week5.WeatherControllerTest" time="8.06">
    <system-out><![CDATA[+++ testTemperaturePersist +++
Creating new weather controller.
[6.0, 9.0, 3.0]
Temperature: 19.5 of hour: 10, saved at 16:17:46
Persist time: 16:17:46, now: 16:17:47
Valid window: [16:17:48, 16:17:47, 16:17:46], persistTime: 16:17:46
Closing weather controller.
]]></system-out>
  </testcase>
</testsuite>