<?xml version="1.0" encoding="UTF-8"?>
<testsuite xmlns:xsi="http://www.w3.org/2001/XMLSchema-instance" xsi:noNamespaceSchemaLocation="https://maven.apache.org/surefire/maven-surefire-plugin/xsd/surefire-test-report-3.0.xsd" version="3.0" name="sit707_tasks.DateUtilTest" time="0.224" tests="16" errors="0" skipped="0" failures="0">
  <properties>
[...]
</properties>
  <testcase name="testMinJanuary1ShouldDecrementToDecember31" classname="sit707_tasks.DateUtilTest" time="0.012"/>
  <testcase name="testStudentIdentity" classname="sit707_tasks.DateUtilTest" time="0.018">
    <system-out><![CDATA[=================================
Test ID   : Name
Operation : student id
Input     : s225504843
Expected  : Not null
Actual    : s225504843
=================================
]]></system-out>
  </testcase>
  <testcase name="testMinJanuary1ShouldIncrementToJanuary2" classname="sit707_tasks.DateUtilTest" time="0.0"/>
  <testcase name="testLeapYearLogic" classname="sit707_tasks.DateUtilTest" time="0.0"/>
  <testcase name="testMaxJanuary31ShouldDecrementToJanuary30" classname="sit707_tasks.DateUtilTest" time="0.025">
    <system-out><![CDATA[january31ShouldDecrementToJanuary30 > 31 January 2024
30 January 2024
]]></system-out>
  </testcase>
  <testcase name="testYearTransition" classname="sit707_tasks.DateUtilTest" time="0.0"/>
  <testcase name="testD4_thirtyOneDayMonth" classname="sit707_tasks.DateUtilTest" time="0.0"/>
  <testcase name="testD3_thirtyDayMonth" classname="sit707_tasks.DateUtilTest" time="0.0"/>
  <testcase name="testD2_febLeapYear" classname="sit707_tasks.DateUtilTest" time="0.001"/>
  <testcase name="testFebruaryNonLeap" classname="sit707_tasks.DateUtilTest" time="0.0"/>
  <testcase name="testD1_validRange" classname="sit707_tasks.DateUtilTest" time="0.002"/>
  <testcase name="testMonth30DayBoundary" classname="sit707_tasks.DateUtilTest" time="0.0"/>
  <testcase name="testMaxJanuary31ShouldIncrementToFebruary1" classname="sit707_tasks.DateUtilTest" time="0.043">
    <system-out><![CDATA[january31ShouldIncrementToFebruary1 > 31 January 2024
1 February 2024
]]></system-out>
  </testcase>
  <testcase name="testStudentName" classname="sit707_tasks.DateUtilTest" time="0.003">
    <system-out><![CDATA[=================================
Test ID   : Name
Operation : student id
Input     : Nephat Komu Muriithi
Expected  : Not null
Actual    : Nephat Komu Muriithi
=================================
]]></system-out>
  </testcase>
  <testcase name="testInvalidDay" classname="sit707_tasks.DateUtilTest" time="0.0"/>
  <testcase name="testNominalJanuary" classname="sit707_tasks.DateUtilTest" time="0.002">
    <system-out><![CDATA[testJanuaryNominal > 15 January 2024
16 January 2024
]]></system-out>
  </testcase>
</testsuite>